<?xml version="1.0" encoding="UTF-8"?>
<!-- Generated by org.testng.reporters.JUnitXMLReporter -->
<testsuite ignored="0" hostname="LAPTOP-N9575GUA" failures="3" tests="48" name="zapTests" time="591.73" errors="0" timestamp="2021-02-25T15:13:50 IST">
  <testcase classname="finalProject_zapGuitars.footerTest" name="aboutLinkTest" time="6.846"/>
  <testcase classname="finalProject_zapGuitars.footerTest" name="termsLink" time="7.436"/>
  <testcase classname="finalProject_zapGuitars.footerTest" name="personalAreaLink" time="7.21"/>
  <testcase classname="finalProject_zapGuitars.footerTest" name="contactLink" time="8.021"/>
  <testcase classname="finalProject_zapGuitars.footerTest" name="QnALink" time="7.182"/>
  <testcase classname="finalProject_zapGuitars.footerTest" name="shopGuideLink" time="8.184"/>
  <testcase classname="finalProject_zapGuitars.footerTest" name="priceDropLink" time="8.231"/>
  <testcase classname="finalProject_zapGuitars.footerTest" name="allCategoriesLink" time="6.929"/>
  <testcase classname="finalProject_zapGuitars.footerTest" name="reviewsLink" time="7.725"/>
  <testcase classname="finalProject_zapGuitars.footerTest" name="logInLink" time="6.545"/>
  <testcase classname="finalProject_zapGuitars.footerTest" name="shopingILLink" time="6.849"/>
  <testcase classname="finalProject_zapGuitars.footerTest" name="addYourShopLink" time="6.585"/>
  <testcase classname="finalProject_zapGuitars.footerTest" name="adLink" time="7.191"/>
  <testcase classname="finalProject_zapGuitars.footerTest" name="shopsAndImportsLink" time="5.31"/>
  <testcase classname="finalProject_zapGuitars.footerTest" name="adInterfaceLink" time="7.544">
    <failure type="java.lang.AssertionError" message="Advertising interface Link title incorrect expected [true] but found [false]">
      <![CDATA[java.lang.AssertionError: Advertising interface Link title incorrect expected [true] but found [false]
at finalProject_zapGuitars.footerTest.adInterfaceLink(footerTest.java:340)
at java.base/java.util.ArrayList.forEach(ArrayList.java:1511)
... Removed 31 stack frames]]>
    </failure>
  </testcase> <!-- adInterfaceLink -->
  <testcase classname="finalProject_zapGuitars.footerTest" name="tourismLink" time="7.616"/>
  <testcase classname="finalProject_zapGuitars.footerTest" name="supermarketLink" time="8.824"/>
  <testcase classname="finalProject_zapGuitars.footerTest" name="dailyDealsLink" time="7.366"/>
  <testcase classname="finalProject_zapGuitars.footerTest" name="tavoLink" time="7.833">
    <failure type="java.lang.AssertionError" message="Tavo Link title incorrect expected [true] but found [false]">
      <![CDATA[java.lang.AssertionError: Tavo Link title incorrect expected [true] but found [false]
at finalProject_zapGuitars.footerTest.tavoLink(footerTest.java:418)
at java.base/java.util.ArrayList.forEach(ArrayList.java:1511)
... Removed 31 stack frames]]>
    </failure>
  </testcase> <!-- tavoLink -->
  <testcase classname="finalProject_zapGuitars.footerTest" name="wisebuyLink" time="8.472"/>
  <testcase classname="finalProject_zapGuitars.footerTest" name="zap360Link" time="9.421"/>
  <testcase classname="finalProject_zapGuitars.navigateToGuitars" name="searchBox_guitar_searchbutton" time="11.839"/>
  <testcase classname="finalProject_zapGuitars.navigateToGuitars" name="searchBox_guitar_enter" time="9.185"/>
  <testcase classname="finalProject_zapGuitars.navigateToGuitars" name="searchBox_guitars_searchbutton" time="9.837"/>
  <testcase classname="finalProject_zapGuitars.navigateToGuitars" name="searchBox_guitars_enter" time="9.31"/>
  <testcase classname="finalProject_zapGuitars.navigateToGuitars" name="allCategories" time="8.227"/>
  <testcase classname="finalProject_zapGuitars.navigateToGuitars" name="mainSportAndLeisure" time="8.717"/>
  <testcase classname="finalProject_zapGuitars.navigateToGuitars" name="allCategoriesPage" time="11.879"/>
  <testcase classname="finalProject_zapGuitars.navigateToGuitars" name="sideSportAndLeisure" time="11.246"/>
  <testcase classname="finalProject_zapGuitars.navigateToGuitars" name="sideMenuMorebutton" time="10.323"/>
  <testcase classname="finalProject_zapGuitars.oneProductPage" name="productHeadlineLink" time="6.065"/>
  <testcase classname="finalProject_zapGuitars.oneProductPage" name="productMoreDetails" time="9.253"/>
  <testcase classname="finalProject_zapGuitars.oneProductPage" name="productReviews" time="5.058"/>
  <testcase classname="finalProject_zapGuitars.oneProductPage" name="productPriceComparison" time="4.041"/>
  <testcase classname="finalProject_zapGuitars.oneProductPage" name="localStore" time="4.398"/>
  <testcase classname="finalProject_zapGuitars.oneProductPage" name="techSpec" time="4.375"/>
  <testcase classname="finalProject_zapGuitars.oneProductPage" name="userReviews" time="3.713"/>
  <testcase classname="finalProject_zapGuitars.filtersTest" name="yamahaFilter" time="23.897"/>
  <testcase classname="finalProject_zapGuitars.filtersTest" name="classicGuitarFilter" time="24.715"/>
  <testcase classname="finalProject_zapGuitars.filtersTest" name="priceFilter" time="24.624"/>
  <testcase classname="finalProject_zapGuitars.filtersTest" name="removingOneFilter" time="35.158"/>
  <testcase classname="finalProject_zapGuitars.multiChoiceWindow" name="MoreManufacturer" time="15.206"/>
  <testcase classname="finalProject_zapGuitars.multiChoiceWindow" name="openMultiChoiceWindow" time="11.236"/>
  <testcase classname="finalProject_zapGuitars.multiChoiceWindow" name="chooseOneFilter" time="14.217"/>
  <testcase classname="finalProject_zapGuitars.multiChoiceWindow" name="oneFilterOnly" time="34.384"/>
  <testcase classname="finalProject_zapGuitars.multiChoiceWindow" name="alphabeticalOrder" time="16.516"/>
  <testcase classname="finalProject_zapGuitars.multiChoiceWindow" name="numericalOrder" time="4.887"/>
  <testcase classname="finalProject_zapGuitars.multiChoiceWindow" name="checkingBoxes" time="55.735">
    <failure type="java.lang.AssertionError" message="Filter or List are incorrect expected [false] but found [true]">
      <![CDATA[java.lang.AssertionError: Filter or List are incorrect expected [false] but found [true]
at finalProject_zapGuitars.multiChoiceWindow.checkingBoxes(multiChoiceWindow.java:257)
at java.base/java.util.ArrayList.forEach(ArrayList.java:1511)
... Removed 31 stack frames]]>
    </failure>
  </testcase> <!-- checkingBoxes -->
</testsuite> <!-- zapTests -->
