<?xml version="1.0" encoding="UTF-8"?>
<!-- Generated by org.testng.reporters.JUnitXMLReporter -->
<testsuite ignored="1" hostname="LAPTOP-N9575GUA" failures="0" tests="2" name="zapTests" time="21.841" errors="0" timestamp="2021-01-06T11:18:06 IST">
  <testcase classname="finalProject_zapGuitars.footerTest" name="aboutLinkTest" time="4.153"/>
  <testcase classname="finalProject_zapGuitars.multiChoiceWinTest" name="f" time="0.001"/>
  <testcase classname="finalProject_zapGuitars.footerTest" name="termsLink" time="0.0">
    <ignored/>
  </testcase> <!-- termsLink -->
</testsuite> <!-- zapTests -->
