<?xml version="1.0" encoding="UTF-8"?>
<!-- Generated by org.testng.reporters.JUnitXMLReporter -->
<testsuite ignored="0" hostname="LAPTOP-N9575GUA" failures="0" tests="1" name="footerTest" time="3.135" errors="0" timestamp="2021-01-05T14:26:33 IST">
  <testcase classname="finalProject_zapGuitars.footerTest" name="@BeforeClass beforeClass" time="3.079">
    <failure type="java.lang.NoSuchMethodError" message="&amp;apos;void com.google.common.base.Preconditions.checkState(boolean, java.lang.String, java.lang.Object, java.lang.Object, java.lang.Object)&amp;apos;">
      <![CDATA[java.lang.NoSuchMethodError: 'void com.google.common.base.Preconditions.checkState(boolean, java.lang.String, java.lang.Object, java.lang.Object, java.lang.Object)'
at org.openqa.selenium.remote.service.DriverService.findExecutable(DriverService.java:134)
at org.openqa.selenium.chrome.ChromeDriverService.access$000(ChromeDriverService.java:35)
at org.openqa.selenium.chrome.ChromeDriverService$Builder.findDefaultExecutable(ChromeDriverService.java:159)
at org.openqa.selenium.remote.service.DriverService$Builder.build(DriverService.java:355)
at org.openqa.selenium.chrome.ChromeDriverService.createDefaultService(ChromeDriverService.java:94)
at org.openqa.selenium.chrome.ChromeDriver.<init>(ChromeDriver.java:123)
at finalProject_zapGuitars.footerTest.beforeClass(footerTest.java:40)
at java.base/java.util.ArrayList.forEach(ArrayList.java:1511)
... Removed 25 stack frames]]>
    </failure>
  </testcase> <!-- @BeforeClass beforeClass -->
  <testcase classname="finalProject_zapGuitars.footerTest" name="@AfterClass afterClass" time="-1.609849593078E9">
    <skipped/>
  </testcase> <!-- @AfterClass afterClass -->
  <testcase classname="finalProject_zapGuitars.footerTest" name="aboutLinkTest" time="0.0">
    <skipped/>
  </testcase> <!-- aboutLinkTest -->
</testsuite> <!-- footerTest -->
