<?xml version="1.0" encoding="UTF-8"?>
<testng-results ignored="0" total="48" passed="45" failed="3" skipped="0">
  <reporter-output>
  </reporter-output>
  <suite started-at="2021-02-23T10:03:59 IST" name="Suite" finished-at="2021-02-23T10:14:33 IST" duration-ms="633538">
    <groups>
      <group name="content world">
        <method signature="footerTest.dailyDealsLink()[pri:18, instance:finalProject_zapGuitars.footerTest@2473d930]" name="dailyDealsLink" class="finalProject_zapGuitars.footerTest"/>
        <method signature="footerTest.supermarketLink()[pri:17, instance:finalProject_zapGuitars.footerTest@2473d930]" name="supermarketLink" class="finalProject_zapGuitars.footerTest"/>
        <method signature="footerTest.tavoLink()[pri:19, instance:finalProject_zapGuitars.footerTest@2473d930]" name="tavoLink" class="finalProject_zapGuitars.footerTest"/>
        <method signature="footerTest.tourismLink()[pri:16, instance:finalProject_zapGuitars.footerTest@2473d930]" name="tourismLink" class="finalProject_zapGuitars.footerTest"/>
        <method signature="footerTest.wisebuyLink()[pri:20, instance:finalProject_zapGuitars.footerTest@2473d930]" name="wisebuyLink" class="finalProject_zapGuitars.footerTest"/>
        <method signature="footerTest.zap360Link()[pri:21, instance:finalProject_zapGuitars.footerTest@2473d930]" name="zap360Link" class="finalProject_zapGuitars.footerTest"/>
      </group> <!-- content world -->
      <group name="about">
        <method signature="footerTest.aboutLinkTest()[pri:1, instance:finalProject_zapGuitars.footerTest@2473d930]" name="aboutLinkTest" class="finalProject_zapGuitars.footerTest"/>
        <method signature="footerTest.contactLink()[pri:4, instance:finalProject_zapGuitars.footerTest@2473d930]" name="contactLink" class="finalProject_zapGuitars.footerTest"/>
        <method signature="footerTest.personalAreaLink()[pri:3, instance:finalProject_zapGuitars.footerTest@2473d930]" name="personalAreaLink" class="finalProject_zapGuitars.footerTest"/>
        <method signature="footerTest.termsLink()[pri:2, instance:finalProject_zapGuitars.footerTest@2473d930]" name="termsLink" class="finalProject_zapGuitars.footerTest"/>
      </group> <!-- about -->
      <group name="menus">
        <method signature="navigateToGuitars.allCategories()[pri:5, instance:finalProject_zapGuitars.navigateToGuitars@35047d03]" name="allCategories" class="finalProject_zapGuitars.navigateToGuitars"/>
        <method signature="navigateToGuitars.mainSportAndLeisure()[pri:6, instance:finalProject_zapGuitars.navigateToGuitars@35047d03]" name="mainSportAndLeisure" class="finalProject_zapGuitars.navigateToGuitars"/>
      </group> <!-- menus -->
      <group name="advertising">
        <method signature="footerTest.adInterfaceLink()[pri:15, instance:finalProject_zapGuitars.footerTest@2473d930]" name="adInterfaceLink" class="finalProject_zapGuitars.footerTest"/>
        <method signature="footerTest.adLink()[pri:13, instance:finalProject_zapGuitars.footerTest@2473d930]" name="adLink" class="finalProject_zapGuitars.footerTest"/>
        <method signature="footerTest.addYourShopLink()[pri:12, instance:finalProject_zapGuitars.footerTest@2473d930]" name="addYourShopLink" class="finalProject_zapGuitars.footerTest"/>
        <method signature="footerTest.shopsAndImportsLink()[pri:14, instance:finalProject_zapGuitars.footerTest@2473d930]" name="shopsAndImportsLink" class="finalProject_zapGuitars.footerTest"/>
      </group> <!-- advertising -->
      <group name="useful info">
        <method signature="footerTest.QnALink()[pri:5, instance:finalProject_zapGuitars.footerTest@2473d930]" name="QnALink" class="finalProject_zapGuitars.footerTest"/>
        <method signature="footerTest.allCategoriesLink()[pri:8, instance:finalProject_zapGuitars.footerTest@2473d930]" name="allCategoriesLink" class="finalProject_zapGuitars.footerTest"/>
        <method signature="footerTest.logInLink()[pri:10, instance:finalProject_zapGuitars.footerTest@2473d930]" name="logInLink" class="finalProject_zapGuitars.footerTest"/>
        <method signature="footerTest.priceDropLink()[pri:7, instance:finalProject_zapGuitars.footerTest@2473d930]" name="priceDropLink" class="finalProject_zapGuitars.footerTest"/>
        <method signature="footerTest.reviewsLink()[pri:9, instance:finalProject_zapGuitars.footerTest@2473d930]" name="reviewsLink" class="finalProject_zapGuitars.footerTest"/>
        <method signature="footerTest.shopGuideLink()[pri:6, instance:finalProject_zapGuitars.footerTest@2473d930]" name="shopGuideLink" class="finalProject_zapGuitars.footerTest"/>
        <method signature="footerTest.shopingILLink()[pri:11, instance:finalProject_zapGuitars.footerTest@2473d930]" name="shopingILLink" class="finalProject_zapGuitars.footerTest"/>
      </group> <!-- useful info -->
      <group name="search box">
        <method signature="navigateToGuitars.searchBox_guitar_enter()[pri:2, instance:finalProject_zapGuitars.navigateToGuitars@35047d03]" name="searchBox_guitar_enter" class="finalProject_zapGuitars.navigateToGuitars"/>
        <method signature="navigateToGuitars.searchBox_guitars_enter()[pri:4, instance:finalProject_zapGuitars.navigateToGuitars@35047d03]" name="searchBox_guitars_enter" class="finalProject_zapGuitars.navigateToGuitars"/>
        <method signature="navigateToGuitars.searchBox_guitars_searchbutton()[pri:3, instance:finalProject_zapGuitars.navigateToGuitars@35047d03]" name="searchBox_guitars_searchbutton" class="finalProject_zapGuitars.navigateToGuitars"/>
      </group> <!-- search box -->
      <group name="search_box">
        <method signature="navigateToGuitars.searchBox_guitar_searchbutton()[pri:1, instance:finalProject_zapGuitars.navigateToGuitars@35047d03]" name="searchBox_guitar_searchbutton" class="finalProject_zapGuitars.navigateToGuitars"/>
      </group> <!-- search_box -->
    </groups>
    <test started-at="2021-02-23T10:03:59 IST" name="zapTests" finished-at="2021-02-23T10:14:33 IST" duration-ms="633538">
      <class name="finalProject_zapGuitars.footerTest">
        <test-method is-config="true" signature="beforeClass()[pri:0, instance:finalProject_zapGuitars.footerTest@2473d930]" started-at="2021-02-23T10:03:59 IST" name="beforeClass" finished-at="2021-02-23T10:04:06 IST" duration-ms="6660" status="PASS">
          <reporter-output>
          </reporter-output>
        </test-method> <!-- beforeClass -->
        <test-method signature="aboutLinkTest()[pri:1, instance:finalProject_zapGuitars.footerTest@2473d930]" started-at="2021-02-23T10:04:06 IST" name="aboutLinkTest" finished-at="2021-02-23T10:04:12 IST" duration-ms="6004" status="PASS">
          <reporter-output>
          </reporter-output>
        </test-method> <!-- aboutLinkTest -->
        <test-method signature="termsLink()[pri:2, instance:finalProject_zapGuitars.footerTest@2473d930]" started-at="2021-02-23T10:04:12 IST" name="termsLink" finished-at="2021-02-23T10:04:19 IST" duration-ms="6626" status="PASS">
          <reporter-output>
          </reporter-output>
        </test-method> <!-- termsLink -->
        <test-method signature="personalAreaLink()[pri:3, instance:finalProject_zapGuitars.footerTest@2473d930]" started-at="2021-02-23T10:04:19 IST" name="personalAreaLink" finished-at="2021-02-23T10:04:30 IST" duration-ms="11081" status="PASS">
          <reporter-output>
          </reporter-output>
        </test-method> <!-- personalAreaLink -->
        <test-method signature="contactLink()[pri:4, instance:finalProject_zapGuitars.footerTest@2473d930]" started-at="2021-02-23T10:04:30 IST" name="contactLink" finished-at="2021-02-23T10:04:42 IST" duration-ms="12139" status="PASS">
          <reporter-output>
          </reporter-output>
        </test-method> <!-- contactLink -->
        <test-method signature="QnALink()[pri:5, instance:finalProject_zapGuitars.footerTest@2473d930]" started-at="2021-02-23T10:04:42 IST" name="QnALink" finished-at="2021-02-23T10:04:49 IST" duration-ms="7404" status="PASS">
          <reporter-output>
          </reporter-output>
        </test-method> <!-- QnALink -->
        <test-method signature="shopGuideLink()[pri:6, instance:finalProject_zapGuitars.footerTest@2473d930]" started-at="2021-02-23T10:04:49 IST" name="shopGuideLink" finished-at="2021-02-23T10:04:57 IST" duration-ms="7799" status="PASS">
          <reporter-output>
          </reporter-output>
        </test-method> <!-- shopGuideLink -->
        <test-method signature="priceDropLink()[pri:7, instance:finalProject_zapGuitars.footerTest@2473d930]" started-at="2021-02-23T10:04:57 IST" name="priceDropLink" finished-at="2021-02-23T10:05:05 IST" duration-ms="7743" status="PASS">
          <reporter-output>
          </reporter-output>
        </test-method> <!-- priceDropLink -->
        <test-method signature="allCategoriesLink()[pri:8, instance:finalProject_zapGuitars.footerTest@2473d930]" started-at="2021-02-23T10:05:05 IST" name="allCategoriesLink" finished-at="2021-02-23T10:05:11 IST" duration-ms="6671" status="PASS">
          <reporter-output>
          </reporter-output>
        </test-method> <!-- allCategoriesLink -->
        <test-method signature="reviewsLink()[pri:9, instance:finalProject_zapGuitars.footerTest@2473d930]" started-at="2021-02-23T10:05:11 IST" name="reviewsLink" finished-at="2021-02-23T10:05:18 IST" duration-ms="6390" status="PASS">
          <reporter-output>
          </reporter-output>
        </test-method> <!-- reviewsLink -->
        <test-method signature="logInLink()[pri:10, instance:finalProject_zapGuitars.footerTest@2473d930]" started-at="2021-02-23T10:05:18 IST" name="logInLink" finished-at="2021-02-23T10:05:24 IST" duration-ms="6302" status="PASS">
          <reporter-output>
          </reporter-output>
        </test-method> <!-- logInLink -->
        <test-method signature="shopingILLink()[pri:11, instance:finalProject_zapGuitars.footerTest@2473d930]" started-at="2021-02-23T10:05:24 IST" name="shopingILLink" finished-at="2021-02-23T10:05:32 IST" duration-ms="7430" status="PASS">
          <reporter-output>
          </reporter-output>
        </test-method> <!-- shopingILLink -->
        <test-method signature="addYourShopLink()[pri:12, instance:finalProject_zapGuitars.footerTest@2473d930]" started-at="2021-02-23T10:05:32 IST" name="addYourShopLink" finished-at="2021-02-23T10:05:39 IST" duration-ms="7681" status="PASS">
          <reporter-output>
          </reporter-output>
        </test-method> <!-- addYourShopLink -->
        <test-method signature="adLink()[pri:13, instance:finalProject_zapGuitars.footerTest@2473d930]" started-at="2021-02-23T10:05:39 IST" name="adLink" finished-at="2021-02-23T10:05:46 IST" duration-ms="6636" status="PASS">
          <reporter-output>
          </reporter-output>
        </test-method> <!-- adLink -->
        <test-method signature="shopsAndImportsLink()[pri:14, instance:finalProject_zapGuitars.footerTest@2473d930]" started-at="2021-02-23T10:05:46 IST" name="shopsAndImportsLink" finished-at="2021-02-23T10:05:51 IST" duration-ms="5361" status="PASS">
          <reporter-output>
          </reporter-output>
        </test-method> <!-- shopsAndImportsLink -->
        <test-method signature="adInterfaceLink()[pri:15, instance:finalProject_zapGuitars.footerTest@2473d930]" started-at="2021-02-23T10:05:51 IST" name="adInterfaceLink" finished-at="2021-02-23T10:05:59 IST" duration-ms="7466" status="FAIL">
          <exception class="java.lang.AssertionError">
            <message>
              <![CDATA[Advertising interface Link title incorrect expected [true] but found [false]]]>
            </message>
            <full-stacktrace>
              <![CDATA[java.lang.AssertionError: Advertising interface Link title incorrect expected [true] but found [false]
at org.testng.Assert.fail(Assert.java:97)
at org.testng.Assert.assertEqualsImpl(Assert.java:136)
at org.testng.Assert.assertEquals(Assert.java:118)
at org.testng.Assert.assertEquals(Assert.java:751)
at finalProject_zapGuitars.footerTest.adInterfaceLink(footerTest.java:340)
at java.base/jdk.internal.reflect.NativeMethodAccessorImpl.invoke0(Native Method)
at java.base/jdk.internal.reflect.NativeMethodAccessorImpl.invoke(NativeMethodAccessorImpl.java:64)
at java.base/jdk.internal.reflect.DelegatingMethodAccessorImpl.invoke(DelegatingMethodAccessorImpl.java:43)
at java.base/java.lang.reflect.Method.invoke(Method.java:564)
at org.testng.internal.MethodInvocationHelper.invokeMethod(MethodInvocationHelper.java:134)
at org.testng.internal.TestInvoker.invokeMethod(TestInvoker.java:597)
at org.testng.internal.TestInvoker.invokeTestMethod(TestInvoker.java:173)
at org.testng.internal.MethodRunner.runInSequence(MethodRunner.java:46)
at org.testng.internal.TestInvoker$MethodInvocationAgent.invoke(TestInvoker.java:816)
at org.testng.internal.TestInvoker.invokeTestMethods(TestInvoker.java:146)
at org.testng.internal.TestMethodWorker.invokeTestMethods(TestMethodWorker.java:146)
at org.testng.internal.TestMethodWorker.run(TestMethodWorker.java:128)
at java.base/java.util.ArrayList.forEach(ArrayList.java:1511)
at org.testng.TestRunner.privateRun(TestRunner.java:766)
at org.testng.TestRunner.run(TestRunner.java:587)
at org.testng.SuiteRunner.runTest(SuiteRunner.java:384)
at org.testng.SuiteRunner.runSequentially(SuiteRunner.java:378)
at org.testng.SuiteRunner.privateRun(SuiteRunner.java:337)
at org.testng.SuiteRunner.run(SuiteRunner.java:286)
at org.testng.SuiteRunnerWorker.runSuite(SuiteRunnerWorker.java:53)
at org.testng.SuiteRunnerWorker.run(SuiteRunnerWorker.java:96)
at org.testng.TestNG.runSuitesSequentially(TestNG.java:1187)
at org.testng.TestNG.runSuitesLocally(TestNG.java:1109)
at org.testng.TestNG.runSuites(TestNG.java:1039)
at org.testng.TestNG.run(TestNG.java:1007)
at org.testng.remote.AbstractRemoteTestNG.run(AbstractRemoteTestNG.java:115)
at org.testng.remote.RemoteTestNG.initAndRun(RemoteTestNG.java:251)
at org.testng.remote.RemoteTestNG.main(RemoteTestNG.java:77)
]]>
            </full-stacktrace>
          </exception> <!-- java.lang.AssertionError -->
          <reporter-output>
          </reporter-output>
        </test-method> <!-- adInterfaceLink -->
        <test-method signature="tourismLink()[pri:16, instance:finalProject_zapGuitars.footerTest@2473d930]" started-at="2021-02-23T10:05:59 IST" name="tourismLink" finished-at="2021-02-23T10:06:08 IST" duration-ms="9090" status="PASS">
          <reporter-output>
          </reporter-output>
        </test-method> <!-- tourismLink -->
        <test-method signature="supermarketLink()[pri:17, instance:finalProject_zapGuitars.footerTest@2473d930]" started-at="2021-02-23T10:06:08 IST" name="supermarketLink" finished-at="2021-02-23T10:06:21 IST" duration-ms="13020" status="PASS">
          <reporter-output>
          </reporter-output>
        </test-method> <!-- supermarketLink -->
        <test-method signature="dailyDealsLink()[pri:18, instance:finalProject_zapGuitars.footerTest@2473d930]" started-at="2021-02-23T10:06:21 IST" name="dailyDealsLink" finished-at="2021-02-23T10:06:29 IST" duration-ms="7800" status="PASS">
          <reporter-output>
          </reporter-output>
        </test-method> <!-- dailyDealsLink -->
        <test-method signature="tavoLink()[pri:19, instance:finalProject_zapGuitars.footerTest@2473d930]" started-at="2021-02-23T10:06:29 IST" name="tavoLink" finished-at="2021-02-23T10:06:39 IST" duration-ms="9993" status="FAIL">
          <exception class="java.lang.AssertionError">
            <message>
              <![CDATA[Tavo Link title incorrect expected [true] but found [false]]]>
            </message>
            <full-stacktrace>
              <![CDATA[java.lang.AssertionError: Tavo Link title incorrect expected [true] but found [false]
at org.testng.Assert.fail(Assert.java:97)
at org.testng.Assert.assertEqualsImpl(Assert.java:136)
at org.testng.Assert.assertEquals(Assert.java:118)
at org.testng.Assert.assertEquals(Assert.java:751)
at finalProject_zapGuitars.footerTest.tavoLink(footerTest.java:418)
at java.base/jdk.internal.reflect.NativeMethodAccessorImpl.invoke0(Native Method)
at java.base/jdk.internal.reflect.NativeMethodAccessorImpl.invoke(NativeMethodAccessorImpl.java:64)
at java.base/jdk.internal.reflect.DelegatingMethodAccessorImpl.invoke(DelegatingMethodAccessorImpl.java:43)
at java.base/java.lang.reflect.Method.invoke(Method.java:564)
at org.testng.internal.MethodInvocationHelper.invokeMethod(MethodInvocationHelper.java:134)
at org.testng.internal.TestInvoker.invokeMethod(TestInvoker.java:597)
at org.testng.internal.TestInvoker.invokeTestMethod(TestInvoker.java:173)
at org.testng.internal.MethodRunner.runInSequence(MethodRunner.java:46)
at org.testng.internal.TestInvoker$MethodInvocationAgent.invoke(TestInvoker.java:816)
at org.testng.internal.TestInvoker.invokeTestMethods(TestInvoker.java:146)
at org.testng.internal.TestMethodWorker.invokeTestMethods(TestMethodWorker.java:146)
at org.testng.internal.TestMethodWorker.run(TestMethodWorker.java:128)
at java.base/java.util.ArrayList.forEach(ArrayList.java:1511)
at org.testng.TestRunner.privateRun(TestRunner.java:766)
at org.testng.TestRunner.run(TestRunner.java:587)
at org.testng.SuiteRunner.runTest(SuiteRunner.java:384)
at org.testng.SuiteRunner.runSequentially(SuiteRunner.java:378)
at org.testng.SuiteRunner.privateRun(SuiteRunner.java:337)
at org.testng.SuiteRunner.run(SuiteRunner.java:286)
at org.testng.SuiteRunnerWorker.runSuite(SuiteRunnerWorker.java:53)
at org.testng.SuiteRunnerWorker.run(SuiteRunnerWorker.java:96)
at org.testng.TestNG.runSuitesSequentially(TestNG.java:1187)
at org.testng.TestNG.runSuitesLocally(TestNG.java:1109)
at org.testng.TestNG.runSuites(TestNG.java:1039)
at org.testng.TestNG.run(TestNG.java:1007)
at org.testng.remote.AbstractRemoteTestNG.run(AbstractRemoteTestNG.java:115)
at org.testng.remote.RemoteTestNG.initAndRun(RemoteTestNG.java:251)
at org.testng.remote.RemoteTestNG.main(RemoteTestNG.java:77)
]]>
            </full-stacktrace>
          </exception> <!-- java.lang.AssertionError -->
          <reporter-output>
          </reporter-output>
        </test-method> <!-- tavoLink -->
        <test-method signature="wisebuyLink()[pri:20, instance:finalProject_zapGuitars.footerTest@2473d930]" started-at="2021-02-23T10:06:39 IST" name="wisebuyLink" finished-at="2021-02-23T10:06:50 IST" duration-ms="11125" status="PASS">
          <reporter-output>
          </reporter-output>
        </test-method> <!-- wisebuyLink -->
        <test-method signature="zap360Link()[pri:21, instance:finalProject_zapGuitars.footerTest@2473d930]" started-at="2021-02-23T10:06:50 IST" name="zap360Link" finished-at="2021-02-23T10:06:59 IST" duration-ms="9303" status="PASS">
          <reporter-output>
          </reporter-output>
        </test-method> <!-- zap360Link -->
        <test-method is-config="true" signature="afterClass()[pri:0, instance:finalProject_zapGuitars.footerTest@2473d930]" started-at="2021-02-23T10:06:59 IST" name="afterClass" finished-at="2021-02-23T10:07:03 IST" duration-ms="4345" status="PASS">
          <reporter-output>
          </reporter-output>
        </test-method> <!-- afterClass -->
      </class> <!-- finalProject_zapGuitars.footerTest -->
      <class name="finalProject_zapGuitars.oneProductPage">
        <test-method is-config="true" signature="beforeClass()[pri:0, instance:finalProject_zapGuitars.oneProductPage@49b0b76]" started-at="2021-02-23T10:08:54 IST" name="beforeClass" finished-at="2021-02-23T10:09:00 IST" duration-ms="6342" status="PASS">
          <reporter-output>
          </reporter-output>
        </test-method> <!-- beforeClass -->
        <test-method signature="productHeadlineLink()[pri:1, instance:finalProject_zapGuitars.oneProductPage@49b0b76]" started-at="2021-02-23T10:09:00 IST" name="productHeadlineLink" finished-at="2021-02-23T10:09:07 IST" duration-ms="6883" status="PASS">
          <reporter-output>
          </reporter-output>
        </test-method> <!-- productHeadlineLink -->
        <test-method signature="productMoreDetails()[pri:2, instance:finalProject_zapGuitars.oneProductPage@49b0b76]" started-at="2021-02-23T10:09:07 IST" name="productMoreDetails" finished-at="2021-02-23T10:09:13 IST" duration-ms="6303" status="PASS">
          <reporter-output>
          </reporter-output>
        </test-method> <!-- productMoreDetails -->
        <test-method signature="productReviews()[pri:3, instance:finalProject_zapGuitars.oneProductPage@49b0b76]" started-at="2021-02-23T10:09:13 IST" name="productReviews" finished-at="2021-02-23T10:09:19 IST" duration-ms="6139" status="PASS">
          <reporter-output>
          </reporter-output>
        </test-method> <!-- productReviews -->
        <test-method signature="productPriceComparison()[pri:4, instance:finalProject_zapGuitars.oneProductPage@49b0b76]" started-at="2021-02-23T10:09:19 IST" name="productPriceComparison" finished-at="2021-02-23T10:09:24 IST" duration-ms="4627" status="PASS">
          <reporter-output>
          </reporter-output>
        </test-method> <!-- productPriceComparison -->
        <test-method signature="localStore()[pri:5, instance:finalProject_zapGuitars.oneProductPage@49b0b76]" started-at="2021-02-23T10:09:24 IST" name="localStore" finished-at="2021-02-23T10:09:28 IST" depends-on-methods="finalProject_zapGuitars.oneProductPage.productPriceComparison" duration-ms="4496" status="PASS">
          <reporter-output>
          </reporter-output>
        </test-method> <!-- localStore -->
        <test-method signature="techSpec()[pri:6, instance:finalProject_zapGuitars.oneProductPage@49b0b76]" started-at="2021-02-23T10:09:28 IST" name="techSpec" finished-at="2021-02-23T10:09:32 IST" duration-ms="3883" status="PASS">
          <reporter-output>
          </reporter-output>
        </test-method> <!-- techSpec -->
        <test-method signature="userReviews()[pri:7, instance:finalProject_zapGuitars.oneProductPage@49b0b76]" started-at="2021-02-23T10:09:32 IST" name="userReviews" finished-at="2021-02-23T10:09:37 IST" duration-ms="4156" status="PASS">
          <reporter-output>
          </reporter-output>
        </test-method> <!-- userReviews -->
        <test-method is-config="true" signature="afterClass()[pri:0, instance:finalProject_zapGuitars.oneProductPage@49b0b76]" started-at="2021-02-23T10:09:37 IST" name="afterClass" finished-at="2021-02-23T10:09:37 IST" duration-ms="189" status="PASS">
          <reporter-output>
          </reporter-output>
        </test-method> <!-- afterClass -->
      </class> <!-- finalProject_zapGuitars.oneProductPage -->
      <class name="finalProject_zapGuitars.navigateToGuitars">
        <test-method is-config="true" signature="beforeClass()[pri:0, instance:finalProject_zapGuitars.navigateToGuitars@35047d03]" started-at="2021-02-23T10:07:03 IST" name="beforeClass" finished-at="2021-02-23T10:07:13 IST" duration-ms="9185" status="PASS">
          <reporter-output>
          </reporter-output>
        </test-method> <!-- beforeClass -->
        <test-method signature="searchBox_guitar_searchbutton()[pri:1, instance:finalProject_zapGuitars.navigateToGuitars@35047d03]" started-at="2021-02-23T10:07:13 IST" name="searchBox_guitar_searchbutton" finished-at="2021-02-23T10:07:27 IST" duration-ms="14871" status="PASS">
          <reporter-output>
          </reporter-output>
        </test-method> <!-- searchBox_guitar_searchbutton -->
        <test-method signature="searchBox_guitar_enter()[pri:2, instance:finalProject_zapGuitars.navigateToGuitars@35047d03]" started-at="2021-02-23T10:07:27 IST" name="searchBox_guitar_enter" finished-at="2021-02-23T10:07:39 IST" duration-ms="11654" status="PASS">
          <reporter-output>
          </reporter-output>
        </test-method> <!-- searchBox_guitar_enter -->
        <test-method signature="searchBox_guitars_searchbutton()[pri:3, instance:finalProject_zapGuitars.navigateToGuitars@35047d03]" started-at="2021-02-23T10:07:39 IST" name="searchBox_guitars_searchbutton" finished-at="2021-02-23T10:07:51 IST" duration-ms="11501" status="PASS">
          <reporter-output>
          </reporter-output>
        </test-method> <!-- searchBox_guitars_searchbutton -->
        <test-method signature="searchBox_guitars_enter()[pri:4, instance:finalProject_zapGuitars.navigateToGuitars@35047d03]" started-at="2021-02-23T10:07:51 IST" name="searchBox_guitars_enter" finished-at="2021-02-23T10:08:01 IST" duration-ms="10671" status="PASS">
          <reporter-output>
          </reporter-output>
        </test-method> <!-- searchBox_guitars_enter -->
        <test-method signature="allCategories()[pri:5, instance:finalProject_zapGuitars.navigateToGuitars@35047d03]" started-at="2021-02-23T10:08:01 IST" name="allCategories" finished-at="2021-02-23T10:08:10 IST" duration-ms="8315" status="PASS">
          <reporter-output>
          </reporter-output>
        </test-method> <!-- allCategories -->
        <test-method signature="mainSportAndLeisure()[pri:6, instance:finalProject_zapGuitars.navigateToGuitars@35047d03]" started-at="2021-02-23T10:08:10 IST" name="mainSportAndLeisure" finished-at="2021-02-23T10:08:17 IST" duration-ms="7772" status="PASS">
          <reporter-output>
          </reporter-output>
        </test-method> <!-- mainSportAndLeisure -->
        <test-method signature="allCategoriesPage()[pri:7, instance:finalProject_zapGuitars.navigateToGuitars@35047d03]" started-at="2021-02-23T10:08:17 IST" name="allCategoriesPage" finished-at="2021-02-23T10:08:28 IST" duration-ms="11038" status="PASS">
          <reporter-output>
          </reporter-output>
        </test-method> <!-- allCategoriesPage -->
        <test-method signature="sideSportAndLeisure()[pri:8, instance:finalProject_zapGuitars.navigateToGuitars@35047d03]" started-at="2021-02-23T10:08:28 IST" name="sideSportAndLeisure" finished-at="2021-02-23T10:08:39 IST" duration-ms="10762" status="PASS">
          <reporter-output>
          </reporter-output>
        </test-method> <!-- sideSportAndLeisure -->
        <test-method signature="sideMenuMorebutton()[pri:9, instance:finalProject_zapGuitars.navigateToGuitars@35047d03]" started-at="2021-02-23T10:08:39 IST" name="sideMenuMorebutton" finished-at="2021-02-23T10:08:50 IST" duration-ms="10311" status="PASS">
          <reporter-output>
          </reporter-output>
        </test-method> <!-- sideMenuMorebutton -->
        <test-method is-config="true" signature="afterClass()[pri:0, instance:finalProject_zapGuitars.navigateToGuitars@35047d03]" started-at="2021-02-23T10:08:50 IST" name="afterClass" finished-at="2021-02-23T10:08:54 IST" duration-ms="4141" status="PASS">
          <reporter-output>
          </reporter-output>
        </test-method> <!-- afterClass -->
      </class> <!-- finalProject_zapGuitars.navigateToGuitars -->
      <class name="finalProject_zapGuitars.multiChoiceWindow">
        <test-method is-config="true" signature="beforeClass()[pri:0, instance:finalProject_zapGuitars.multiChoiceWindow@4c9f8c13]" started-at="2021-02-23T10:11:50 IST" name="beforeClass" finished-at="2021-02-23T10:11:56 IST" duration-ms="5602" status="PASS">
          <reporter-output>
          </reporter-output>
        </test-method> <!-- beforeClass -->
        <test-method signature="MoreManufacturer()[pri:1, instance:finalProject_zapGuitars.multiChoiceWindow@4c9f8c13]" started-at="2021-02-23T10:11:56 IST" name="MoreManufacturer" finished-at="2021-02-23T10:12:11 IST" duration-ms="15135" status="PASS">
          <reporter-output>
          </reporter-output>
        </test-method> <!-- MoreManufacturer -->
        <test-method signature="openMultiChoiceWindow()[pri:2, instance:finalProject_zapGuitars.multiChoiceWindow@4c9f8c13]" started-at="2021-02-23T10:12:11 IST" name="openMultiChoiceWindow" finished-at="2021-02-23T10:12:22 IST" duration-ms="11253" status="PASS">
          <reporter-output>
          </reporter-output>
        </test-method> <!-- openMultiChoiceWindow -->
        <test-method signature="chooseOneFilter()[pri:3, instance:finalProject_zapGuitars.multiChoiceWindow@4c9f8c13]" started-at="2021-02-23T10:12:22 IST" name="chooseOneFilter" finished-at="2021-02-23T10:12:37 IST" duration-ms="14228" status="PASS">
          <reporter-output>
          </reporter-output>
        </test-method> <!-- chooseOneFilter -->
        <test-method signature="oneFilterOnly()[pri:4, instance:finalProject_zapGuitars.multiChoiceWindow@4c9f8c13]" started-at="2021-02-23T10:12:37 IST" name="oneFilterOnly" finished-at="2021-02-23T10:13:11 IST" depends-on-methods="finalProject_zapGuitars.multiChoiceWindow.chooseOneFilter" duration-ms="33821" status="PASS">
          <reporter-output>
          </reporter-output>
        </test-method> <!-- oneFilterOnly -->
        <test-method signature="alphabeticalOrder()[pri:5, instance:finalProject_zapGuitars.multiChoiceWindow@4c9f8c13]" started-at="2021-02-23T10:13:11 IST" name="alphabeticalOrder" finished-at="2021-02-23T10:13:27 IST" duration-ms="16752" status="PASS">
          <reporter-output>
          </reporter-output>
        </test-method> <!-- alphabeticalOrder -->
        <test-method signature="numericalOrder()[pri:6, instance:finalProject_zapGuitars.multiChoiceWindow@4c9f8c13]" started-at="2021-02-23T10:13:27 IST" name="numericalOrder" finished-at="2021-02-23T10:13:32 IST" duration-ms="4867" status="PASS">
          <reporter-output>
          </reporter-output>
        </test-method> <!-- numericalOrder -->
        <test-method signature="checkingBoxes()[pri:7, instance:finalProject_zapGuitars.multiChoiceWindow@4c9f8c13]" started-at="2021-02-23T10:13:32 IST" name="checkingBoxes" finished-at="2021-02-23T10:14:29 IST" duration-ms="56562" status="FAIL">
          <exception class="java.lang.AssertionError">
            <message>
              <![CDATA[Filter or List are incorrect expected [false] but found [true]]]>
            </message>
            <full-stacktrace>
              <![CDATA[java.lang.AssertionError: Filter or List are incorrect expected [false] but found [true]
at org.testng.Assert.fail(Assert.java:97)
at org.testng.Assert.assertEqualsImpl(Assert.java:136)
at org.testng.Assert.assertEquals(Assert.java:118)
at org.testng.Assert.assertEquals(Assert.java:751)
at finalProject_zapGuitars.multiChoiceWindow.checkingBoxes(multiChoiceWindow.java:256)
at java.base/jdk.internal.reflect.NativeMethodAccessorImpl.invoke0(Native Method)
at java.base/jdk.internal.reflect.NativeMethodAccessorImpl.invoke(NativeMethodAccessorImpl.java:64)
at java.base/jdk.internal.reflect.DelegatingMethodAccessorImpl.invoke(DelegatingMethodAccessorImpl.java:43)
at java.base/java.lang.reflect.Method.invoke(Method.java:564)
at org.testng.internal.MethodInvocationHelper.invokeMethod(MethodInvocationHelper.java:134)
at org.testng.internal.TestInvoker.invokeMethod(TestInvoker.java:597)
at org.testng.internal.TestInvoker.invokeTestMethod(TestInvoker.java:173)
at org.testng.internal.MethodRunner.runInSequence(MethodRunner.java:46)
at org.testng.internal.TestInvoker$MethodInvocationAgent.invoke(TestInvoker.java:816)
at org.testng.internal.TestInvoker.invokeTestMethods(TestInvoker.java:146)
at org.testng.internal.TestMethodWorker.invokeTestMethods(TestMethodWorker.java:146)
at org.testng.internal.TestMethodWorker.run(TestMethodWorker.java:128)
at java.base/java.util.ArrayList.forEach(ArrayList.java:1511)
at org.testng.TestRunner.privateRun(TestRunner.java:766)
at org.testng.TestRunner.run(TestRunner.java:587)
at org.testng.SuiteRunner.runTest(SuiteRunner.java:384)
at org.testng.SuiteRunner.runSequentially(SuiteRunner.java:378)
at org.testng.SuiteRunner.privateRun(SuiteRunner.java:337)
at org.testng.SuiteRunner.run(SuiteRunner.java:286)
at org.testng.SuiteRunnerWorker.runSuite(SuiteRunnerWorker.java:53)
at org.testng.SuiteRunnerWorker.run(SuiteRunnerWorker.java:96)
at org.testng.TestNG.runSuitesSequentially(TestNG.java:1187)
at org.testng.TestNG.runSuitesLocally(TestNG.java:1109)
at org.testng.TestNG.runSuites(TestNG.java:1039)
at org.testng.TestNG.run(TestNG.java:1007)
at org.testng.remote.AbstractRemoteTestNG.run(AbstractRemoteTestNG.java:115)
at org.testng.remote.RemoteTestNG.initAndRun(RemoteTestNG.java:251)
at org.testng.remote.RemoteTestNG.main(RemoteTestNG.java:77)
]]>
            </full-stacktrace>
          </exception> <!-- java.lang.AssertionError -->
          <reporter-output>
          </reporter-output>
        </test-method> <!-- checkingBoxes -->
        <test-method is-config="true" signature="afterClass()[pri:0, instance:finalProject_zapGuitars.multiChoiceWindow@4c9f8c13]" started-at="2021-02-23T10:14:29 IST" name="afterClass" finished-at="2021-02-23T10:14:33 IST" duration-ms="4124" status="PASS">
          <reporter-output>
          </reporter-output>
        </test-method> <!-- afterClass -->
      </class> <!-- finalProject_zapGuitars.multiChoiceWindow -->
      <class name="finalProject_zapGuitars.filtersTest">
        <test-method is-config="true" signature="beforeClass()[pri:0, instance:finalProject_zapGuitars.filtersTest@769f71a9]" started-at="2021-02-23T10:09:37 IST" name="beforeClass" finished-at="2021-02-23T10:09:42 IST" duration-ms="5722" status="PASS">
          <reporter-output>
          </reporter-output>
        </test-method> <!-- beforeClass -->
        <test-method signature="yamahaFilter()[pri:1, instance:finalProject_zapGuitars.filtersTest@769f71a9]" started-at="2021-02-23T10:09:42 IST" name="yamahaFilter" finished-at="2021-02-23T10:10:22 IST" duration-ms="39132" status="PASS">
          <reporter-output>
          </reporter-output>
        </test-method> <!-- yamahaFilter -->
        <test-method signature="classicGuitarFilter()[pri:2, instance:finalProject_zapGuitars.filtersTest@769f71a9]" started-at="2021-02-23T10:10:22 IST" name="classicGuitarFilter" finished-at="2021-02-23T10:10:51 IST" duration-ms="29902" status="PASS">
          <reporter-output>
          </reporter-output>
        </test-method> <!-- classicGuitarFilter -->
        <test-method signature="priceFilter()[pri:3, instance:finalProject_zapGuitars.filtersTest@769f71a9]" started-at="2021-02-23T10:10:51 IST" name="priceFilter" finished-at="2021-02-23T10:11:16 IST" duration-ms="24332" status="PASS">
          <reporter-output>
          </reporter-output>
        </test-method> <!-- priceFilter -->
        <test-method signature="removingOneFilter()[pri:4, instance:finalProject_zapGuitars.filtersTest@769f71a9]" started-at="2021-02-23T10:11:16 IST" name="removingOneFilter" finished-at="2021-02-23T10:11:50 IST" duration-ms="34518" status="PASS">
          <reporter-output>
          </reporter-output>
        </test-method> <!-- removingOneFilter -->
        <test-method is-config="true" signature="afterClass()[pri:0, instance:finalProject_zapGuitars.filtersTest@769f71a9]" started-at="2021-02-23T10:11:50 IST" name="afterClass" finished-at="2021-02-23T10:11:50 IST" duration-ms="169" status="PASS">
          <reporter-output>
          </reporter-output>
        </test-method> <!-- afterClass -->
      </class> <!-- finalProject_zapGuitars.filtersTest -->
    </test> <!-- zapTests -->
  </suite> <!-- Suite -->
</testng-results>
